0 info it worked if it ends with ok
1 verbose cli [ '/usr/bin/node', '/usr/bin/npm', 'install', '-g' ]
2 info using npm@2.15.1
3 info using node@v0.12.15
4 verbose node symlink /usr/bin/node
5 verbose install initial load of /usr/lib/package.json
6 verbose readDependencies loading dependencies from /usr/lib/package.json
7 silly cache add args [ '.', null ]
8 verbose cache add spec .
9 silly cache add parsed spec { raw: '.',
9 silly cache add   scope: null,
9 silly cache add   name: null,
9 silly cache add   rawSpec: '.',
9 silly cache add   spec: '/var/www/html/bancotalentos',
9 silly cache add   type: 'directory' }
10 error addLocal Could not install /var/www/html/bancotalentos
11 verbose stack Error: No name provided in package.json
11 verbose stack     at /usr/lib/node_modules/npm/lib/cache/add-local.js:61:17
11 verbose stack     at /usr/lib/node_modules/npm/node_modules/read-package-json/read-json.js:345:5
11 verbose stack     at checkBinReferences_ (/usr/lib/node_modules/npm/node_modules/read-package-json/read-json.js:309:45)
11 verbose stack     at final (/usr/lib/node_modules/npm/node_modules/read-package-json/read-json.js:343:3)
11 verbose stack     at then (/usr/lib/node_modules/npm/node_modules/read-package-json/read-json.js:113:5)
11 verbose stack     at /usr/lib/node_modules/npm/node_modules/read-package-json/read-json.js:300:12
11 verbose stack     at /usr/lib/node_modules/npm/node_modules/graceful-fs/graceful-fs.js:78:16
11 verbose stack     at fs.js:334:14
11 verbose stack     at /usr/lib/node_modules/npm/node_modules/graceful-fs/graceful-fs.js:43:10
11 verbose stack     at FSReqWrap.oncomplete (fs.js:95:15)
12 verbose cwd /var/www/html/bancotalentos
13 error Linux 3.16.0-4-amd64
14 error argv "/usr/bin/node" "/usr/bin/npm" "install" "-g"
15 error node v0.12.15
16 error npm  v2.15.1
17 error No name provided in package.json
18 error If you need help, you may report this error at:
18 error     <https://github.com/npm/npm/issues>
19 verbose exit [ 1, true ]
